<?xml version="1.0" encoding="UTF-8"?>
<coverage generated="1782354235360" clover="3.2.0">
  <project timestamp="1782354235360" name="All files">
    <metrics statements="205" coveredstatements="205" conditionals="188" coveredconditionals="175" methods="30" coveredmethods="30" elements="423" coveredelements="410" complexity="0" loc="205" ncloc="205" packages="1" files="1" classes="1"/>
    <file name="search-worker.js" path="C:\dev\research-ttrpg-rules\search-worker.js">
      <metrics statements="205" coveredstatements="205" conditionals="188" coveredconditionals="175" methods="30" coveredmethods="30"/>
      <line num="10" count="1" type="stmt"/>
      <line num="12" count="1" type="stmt"/>
      <line num="13" count="1" type="stmt"/>
      <line num="14" count="1" type="stmt"/>
      <line num="15" count="1" type="stmt"/>
      <line num="16" count="1" type="stmt"/>
      <line num="17" count="1" type="stmt"/>
      <line num="18" count="1" type="stmt"/>
      <line num="21" count="1" type="stmt"/>
      <line num="22" count="1" type="stmt"/>
      <line num="25" count="1" type="stmt"/>
      <line num="26" count="67" type="cond" truecount="2" falsecount="0"/>
      <line num="27" count="67" type="cond" truecount="2" falsecount="0"/>
      <line num="29" count="67" type="stmt"/>
      <line num="30" count="67" type="cond" truecount="8" falsecount="0"/>
      <line num="32" count="8" type="stmt"/>
      <line num="33" count="7" type="stmt"/>
      <line num="35" count="22" type="stmt"/>
      <line num="36" count="21" type="stmt"/>
      <line num="38" count="8" type="stmt"/>
      <line num="39" count="7" type="stmt"/>
      <line num="41" count="5" type="stmt"/>
      <line num="42" count="2" type="stmt"/>
      <line num="44" count="9" type="stmt"/>
      <line num="45" count="8" type="stmt"/>
      <line num="47" count="8" type="stmt"/>
      <line num="48" count="5" type="stmt"/>
      <line num="50" count="4" type="stmt"/>
      <line num="51" count="4" type="stmt"/>
      <line num="53" count="3" type="stmt"/>
      <line num="56" count="10" type="stmt"/>
      <line num="64" count="43220" type="stmt"/>
      <line num="66" count="14" type="stmt"/>
      <line num="67" count="14" type="stmt"/>
      <line num="68" count="5711" type="cond" truecount="2" falsecount="0"/>
      <line num="69" count="5711" type="cond" truecount="2" falsecount="0"/>
      <line num="70" count="104" type="stmt"/>
      <line num="72" count="5711" type="stmt"/>
      <line num="84" count="23673" type="stmt"/>
      <line num="98" count="23673" type="stmt"/>
      <line num="101" count="23673" type="stmt"/>
      <line num="102" count="23673" type="stmt"/>
      <line num="103" count="23673" type="stmt"/>
      <line num="104" count="23673" type="stmt"/>
      <line num="106" count="23673" type="stmt"/>
      <line num="116" count="23673" type="cond" truecount="2" falsecount="0"/>
      <line num="117" count="23673" type="cond" truecount="2" falsecount="0"/>
      <line num="118" count="23673" type="cond" truecount="1" falsecount="1"/>
      <line num="119" count="23673" type="cond" truecount="1" falsecount="1"/>
      <line num="120" count="23673" type="stmt"/>
      <line num="123" count="23673" type="stmt"/>
      <line num="126" count="23673" type="cond" truecount="1" falsecount="1"/>
      <line num="127" count="23673" type="stmt"/>
      <line num="128" count="72368" type="stmt"/>
      <line num="129" count="72368" type="cond" truecount="2" falsecount="0"/>
      <line num="130" count="2377" type="stmt"/>
      <line num="134" count="72368" type="stmt"/>
      <line num="151" count="8" type="cond" truecount="5" falsecount="0"/>
      <line num="153" count="8" type="stmt"/>
      <line num="154" count="8" type="cond" truecount="2" falsecount="0"/>
      <line num="155" count="1" type="stmt"/>
      <line num="158" count="7" type="stmt"/>
      <line num="161" count="8012" type="cond" truecount="2" falsecount="0"/>
      <line num="162" count="15656" type="cond" truecount="2" falsecount="0"/>
      <line num="163" count="7" type="stmt"/>
      <line num="168" count="7" type="stmt"/>
      <line num="175" count="7" type="stmt"/>
      <line num="176" count="7" type="stmt"/>
      <line num="177" count="7" type="stmt"/>
      <line num="178" count="7" type="stmt"/>
      <line num="181" count="7" type="stmt"/>
      <line num="182" count="23668" type="stmt"/>
      <line num="183" count="23668" type="stmt"/>
      <line num="187" count="7" type="stmt"/>
      <line num="189" count="7" type="stmt"/>
      <line num="191" count="7" type="stmt"/>
      <line num="192" count="7" type="stmt"/>
      <line num="193" count="7" type="stmt"/>
      <line num="194" count="7" type="stmt"/>
      <line num="196" count="7" type="stmt"/>
      <line num="218" count="22" type="cond" truecount="2" falsecount="0"/>
      <line num="219" count="1" type="stmt"/>
      <line num="222" count="21" type="stmt"/>
      <line num="223" count="21" type="cond" truecount="3" falsecount="0"/>
      <line num="226" count="21" type="cond" truecount="2" falsecount="0"/>
      <line num="227" count="21" type="cond" truecount="2" falsecount="0"/>
      <line num="228" count="21" type="cond" truecount="2" falsecount="0"/>
      <line num="229" count="21" type="cond" truecount="2" falsecount="0"/>
      <line num="230" count="21" type="cond" truecount="2" falsecount="0"/>
      <line num="231" count="21" type="cond" truecount="2" falsecount="0"/>
      <line num="233" count="21" type="stmt"/>
      <line num="241" count="21" type="cond" truecount="2" falsecount="0"/>
      <line num="242" count="2" type="stmt"/>
      <line num="243" count="2" type="stmt"/>
      <line num="244" count="2" type="stmt"/>
      <line num="252" count="2" type="stmt"/>
      <line num="255" count="19" type="stmt"/>
      <line num="256" count="19" type="stmt"/>
      <line num="258" count="19" type="cond" truecount="2" falsecount="0"/>
      <line num="260" count="5" type="stmt"/>
      <line num="263" count="19" type="stmt"/>
      <line num="264" count="19" type="cond" truecount="2" falsecount="0"/>
      <line num="266" count="6080" type="stmt"/>
      <line num="268" count="14" type="stmt"/>
      <line num="272" count="19" type="stmt"/>
      <line num="274" count="53438" type="cond" truecount="2" falsecount="0"/>
      <line num="275" count="53438" type="cond" truecount="4" falsecount="0"/>
      <line num="276" count="1701" type="stmt"/>
      <line num="280" count="51737" type="cond" truecount="2" falsecount="0"/>
      <line num="281" count="9470" type="stmt"/>
      <line num="282" count="9470" type="cond" truecount="2" falsecount="0"/>
      <line num="283" count="19634" type="cond" truecount="2" falsecount="0"/>
      <line num="284" count="9470" type="cond" truecount="3" falsecount="1"/>
      <line num="285" count="9470" type="stmt"/>
      <line num="290" count="42267" type="stmt"/>
      <line num="291" count="42267" type="cond" truecount="4" falsecount="0"/>
      <line num="292" count="4741" type="stmt"/>
      <line num="295" count="37526" type="stmt"/>
      <line num="299" count="19" type="stmt"/>
      <line num="300" count="254462" type="cond" truecount="5" falsecount="0"/>
      <line num="302" count="194273" type="cond" truecount="1" falsecount="1"/>
      <line num="303" count="194273" type="cond" truecount="1" falsecount="1"/>
      <line num="304" count="194273" type="cond" truecount="4" falsecount="0"/>
      <line num="307" count="42924" type="cond" truecount="1" falsecount="1"/>
      <line num="308" count="42924" type="cond" truecount="1" falsecount="1"/>
      <line num="309" count="42924" type="cond" truecount="4" falsecount="0"/>
      <line num="312" count="11073" type="cond" truecount="2" falsecount="2"/>
      <line num="314" count="1458" type="cond" truecount="2" falsecount="2"/>
      <line num="316" count="4734" type="stmt"/>
      <line num="320" count="19" type="stmt"/>
      <line num="322" count="19" type="stmt"/>
      <line num="328" count="19" type="stmt"/>
      <line num="344" count="8" type="cond" truecount="2" falsecount="0"/>
      <line num="345" count="1" type="stmt"/>
      <line num="348" count="7" type="stmt"/>
      <line num="349" count="7" type="cond" truecount="5" falsecount="0"/>
      <line num="350" count="7" type="cond" truecount="4" falsecount="0"/>
      <line num="352" count="7" type="cond" truecount="2" falsecount="0"/>
      <line num="354" count="7" type="stmt"/>
      <line num="355" count="7" type="cond" truecount="2" falsecount="0"/>
      <line num="356" count="5" type="cond" truecount="2" falsecount="0"/>
      <line num="358" count="1903" type="stmt"/>
      <line num="360" count="1" type="stmt"/>
      <line num="364" count="2" type="cond" truecount="2" falsecount="0"/>
      <line num="365" count="1" type="stmt"/>
      <line num="367" count="1" type="stmt"/>
      <line num="368" count="2" type="stmt"/>
      <line num="370" count="2" type="stmt"/>
      <line num="374" count="7" type="stmt"/>
      <line num="376" count="7" type="stmt"/>
      <line num="391" count="5" type="cond" truecount="2" falsecount="0"/>
      <line num="392" count="1" type="stmt"/>
      <line num="395" count="4" type="stmt"/>
      <line num="396" count="4" type="cond" truecount="3" falsecount="0"/>
      <line num="397" count="4" type="cond" truecount="3" falsecount="0"/>
      <line num="399" count="4739" type="stmt"/>
      <line num="400" count="4741" type="stmt"/>
      <line num="402" count="4" type="cond" truecount="2" falsecount="0"/>
      <line num="403" count="1" type="stmt"/>
      <line num="405" count="3" type="cond" truecount="2" falsecount="0"/>
      <line num="406" count="1" type="stmt"/>
      <line num="410" count="2" type="stmt"/>
      <line num="411" count="2" type="stmt"/>
      <line num="413" count="6" type="stmt"/>
      <line num="414" count="6" type="stmt"/>
      <line num="415" count="16" type="stmt"/>
      <line num="417" count="2" type="stmt"/>
      <line num="419" count="2" type="stmt"/>
      <line num="438" count="9" type="cond" truecount="2" falsecount="0"/>
      <line num="439" count="1" type="stmt"/>
      <line num="442" count="8" type="cond" truecount="4" falsecount="0"/>
      <line num="443" count="8" type="cond" truecount="4" falsecount="0"/>
      <line num="445" count="8" type="cond" truecount="2" falsecount="0"/>
      <line num="447" count="4" type="cond" truecount="2" falsecount="0"/>
      <line num="448" count="4" type="stmt"/>
      <line num="455" count="4" type="stmt"/>
      <line num="459" count="4" type="stmt"/>
      <line num="460" count="4" type="cond" truecount="2" falsecount="0"/>
      <line num="461" count="1" type="stmt"/>
      <line num="463" count="3" type="cond" truecount="2" falsecount="0"/>
      <line num="466" count="650" type="stmt"/>
      <line num="471" count="4" type="stmt"/>
      <line num="487" count="8" type="cond" truecount="2" falsecount="0"/>
      <line num="488" count="1" type="stmt"/>
      <line num="491" count="7" type="cond" truecount="3" falsecount="0"/>
      <line num="492" count="7" type="cond" truecount="5" falsecount="0"/>
      <line num="493" count="1" type="stmt"/>
      <line num="496" count="23671" type="stmt"/>
      <line num="497" count="6" type="cond" truecount="2" falsecount="0"/>
      <line num="498" count="1" type="stmt"/>
      <line num="501" count="5" type="stmt"/>
      <line num="502" count="5" type="stmt"/>
      <line num="503" count="5" type="stmt"/>
      <line num="504" count="5" type="stmt"/>
      <line num="505" count="5" type="stmt"/>
      <line num="508" count="5" type="stmt"/>
      <line num="510" count="5" type="stmt"/>
      <line num="511" count="23674" type="stmt"/>
      <line num="512" count="23674" type="stmt"/>
      <line num="513" count="5" type="stmt"/>
      <line num="515" count="5" type="stmt"/>
      <line num="539" count="4" type="stmt"/>
      <line num="540" count="4" type="cond" truecount="4" falsecount="0"/>
      <line num="541" count="2" type="stmt"/>
      <line num="542" count="2" type="stmt"/>
    </file>
  </project>
</coverage>
