{"C:\\dev\\research-ttrpg-rules\\search-worker.js": {"path":"C:\\dev\\research-ttrpg-rules\\search-worker.js","statementMap":{"0":{"start":{"line":10,"column":0},"end":{"line":10,"column":95}},"1":{"start":{"line":12,"column":12},"end":{"line":12,"column":14}},"2":{"start":{"line":13,"column":12},"end":{"line":13,"column":16}},"3":{"start":{"line":14,"column":20},"end":{"line":14,"column":29}},"4":{"start":{"line":15,"column":20},"end":{"line":15,"column":29}},"5":{"start":{"line":16,"column":20},"end":{"line":16,"column":25}},"6":{"start":{"line":17,"column":15},"end":{"line":17,"column":24}},"7":{"start":{"line":18,"column":18},"end":{"line":18,"column":27}},"8":{"start":{"line":21,"column":26},"end":{"line":21,"column":28}},"9":{"start":{"line":22,"column":22},"end":{"line":22,"column":31}},"10":{"start":{"line":25,"column":0},"end":{"line":58,"column":2}},"11":{"start":{"line":26,"column":15},"end":{"line":26,"column":27}},"12":{"start":{"line":27,"column":15},"end":{"line":27,"column":39}},"13":{"start":{"line":29,"column":2},"end":{"line":57,"column":3}},"14":{"start":{"line":30,"column":4},"end":{"line":54,"column":5}},"15":{"start":{"line":32,"column":8},"end":{"line":32,"column":31}},"16":{"start":{"line":33,"column":8},"end":{"line":33,"column":14}},"17":{"start":{"line":35,"column":8},"end":{"line":35,"column":27}},"18":{"start":{"line":36,"column":8},"end":{"line":36,"column":14}},"19":{"start":{"line":38,"column":8},"end":{"line":38,"column":33}},"20":{"start":{"line":39,"column":8},"end":{"line":39,"column":14}},"21":{"start":{"line":41,"column":8},"end":{"line":41,"column":28}},"22":{"start":{"line":42,"column":8},"end":{"line":42,"column":14}},"23":{"start":{"line":44,"column":8},"end":{"line":44,"column":31}},"24":{"start":{"line":45,"column":8},"end":{"line":45,"column":14}},"25":{"start":{"line":47,"column":8},"end":{"line":47,"column":28}},"26":{"start":{"line":48,"column":8},"end":{"line":48,"column":14}},"27":{"start":{"line":50,"column":8},"end":{"line":50,"column":30}},"28":{"start":{"line":51,"column":8},"end":{"line":51,"column":14}},"29":{"start":{"line":53,"column":8},"end":{"line":53,"column":90}},"30":{"start":{"line":56,"column":4},"end":{"line":56,"column":76}},"31":{"start":{"line":64,"column":2},"end":{"line":64,"column":85}},"32":{"start":{"line":64,"column":65},"end":{"line":64,"column":83}},"33":{"start":{"line":66,"column":2},"end":{"line":66,"column":26}},"34":{"start":{"line":67,"column":2},"end":{"line":73,"column":3}},"35":{"start":{"line":68,"column":19},"end":{"line":68,"column":52}},"36":{"start":{"line":69,"column":4},"end":{"line":71,"column":5}},"37":{"start":{"line":70,"column":6},"end":{"line":70,"column":38}},"38":{"start":{"line":72,"column":4},"end":{"line":72,"column":45}},"39":{"start":{"line":84,"column":16},"end":{"line":95,"column":3}},"40":{"start":{"line":98,"column":2},"end":{"line":98,"column":63}},"41":{"start":{"line":101,"column":2},"end":{"line":101,"column":33}},"42":{"start":{"line":102,"column":2},"end":{"line":102,"column":40}},"43":{"start":{"line":103,"column":2},"end":{"line":103,"column":43}},"44":{"start":{"line":104,"column":2},"end":{"line":104,"column":23}},"45":{"start":{"line":106,"column":2},"end":{"line":106,"column":15}},"46":{"start":{"line":116,"column":16},"end":{"line":116,"column":32}},"47":{"start":{"line":117,"column":23},"end":{"line":117,"column":47}},"48":{"start":{"line":118,"column":23},"end":{"line":118,"column":55}},"49":{"start":{"line":119,"column":21},"end":{"line":119,"column":60}},"50":{"start":{"line":120,"column":24},"end":{"line":120,"column":80}},"51":{"start":{"line":123,"column":2},"end":{"line":123,"column":41}},"52":{"start":{"line":126,"column":2},"end":{"line":141,"column":3}},"53":{"start":{"line":127,"column":4},"end":{"line":140,"column":5}},"54":{"start":{"line":128,"column":6},"end":{"line":128,"column":32}},"55":{"start":{"line":129,"column":6},"end":{"line":131,"column":7}},"56":{"start":{"line":130,"column":8},"end":{"line":130,"column":38}},"57":{"start":{"line":134,"column":6},"end":{"line":139,"column":9}},"58":{"start":{"line":151,"column":14},"end":{"line":151,"column":105}},"59":{"start":{"line":153,"column":19},"end":{"line":153,"column":35}},"60":{"start":{"line":154,"column":2},"end":{"line":156,"column":3}},"61":{"start":{"line":155,"column":4},"end":{"line":155,"column":87}},"62":{"start":{"line":158,"column":23},"end":{"line":158,"column":44}},"63":{"start":{"line":161,"column":17},"end":{"line":161,"column":99}},"64":{"start":{"line":161,"column":53},"end":{"line":161,"column":98}},"65":{"start":{"line":162,"column":21},"end":{"line":162,"column":113}},"66":{"start":{"line":162,"column":62},"end":{"line":162,"column":112}},"67":{"start":{"line":163,"column":2},"end":{"line":163,"column":37}},"68":{"start":{"line":168,"column":2},"end":{"line":172,"column":5}},"69":{"start":{"line":175,"column":2},"end":{"line":175,"column":28}},"70":{"start":{"line":176,"column":2},"end":{"line":176,"column":28}},"71":{"start":{"line":177,"column":2},"end":{"line":177,"column":23}},"72":{"start":{"line":178,"column":2},"end":{"line":178,"column":22}},"73":{"start":{"line":181,"column":2},"end":{"line":184,"column":3}},"74":{"start":{"line":182,"column":4},"end":{"line":182,"column":37}},"75":{"start":{"line":183,"column":4},"end":{"line":183,"column":34}},"76":{"start":{"line":187,"column":2},"end":{"line":187,"column":24}},"77":{"start":{"line":189,"column":2},"end":{"line":189,"column":23}},"78":{"start":{"line":191,"column":21},"end":{"line":191,"column":33}},"79":{"start":{"line":192,"column":22},"end":{"line":192,"column":35}},"80":{"start":{"line":193,"column":26},"end":{"line":193,"column":43}},"81":{"start":{"line":194,"column":29},"end":{"line":194,"column":47}},"82":{"start":{"line":196,"column":2},"end":{"line":209,"column":5}},"83":{"start":{"line":218,"column":2},"end":{"line":220,"column":3}},"84":{"start":{"line":219,"column":4},"end":{"line":219,"column":80}},"85":{"start":{"line":222,"column":13},"end":{"line":222,"column":30}},"86":{"start":{"line":223,"column":18},"end":{"line":223,"column":52}},"87":{"start":{"line":226,"column":21},"end":{"line":226,"column":53}},"88":{"start":{"line":227,"column":17},"end":{"line":227,"column":48}},"89":{"start":{"line":228,"column":16},"end":{"line":228,"column":46}},"90":{"start":{"line":229,"column":18},"end":{"line":229,"column":80}},"91":{"start":{"line":230,"column":18},"end":{"line":230,"column":80}},"92":{"start":{"line":231,"column":15},"end":{"line":231,"column":50}},"93":{"start":{"line":233,"column":19},"end":{"line":240,"column":4}},"94":{"start":{"line":241,"column":2},"end":{"line":253,"column":3}},"95":{"start":{"line":242,"column":19},"end":{"line":242,"column":44}},"96":{"start":{"line":243,"column":21},"end":{"line":243,"column":43}},"97":{"start":{"line":244,"column":4},"end":{"line":251,"column":7}},"98":{"start":{"line":252,"column":4},"end":{"line":252,"column":11}},"99":{"start":{"line":255,"column":19},"end":{"line":255,"column":23}},"100":{"start":{"line":256,"column":24},"end":{"line":256,"column":55}},"101":{"start":{"line":258,"column":2},"end":{"line":261,"column":3}},"102":{"start":{"line":260,"column":4},"end":{"line":260,"column":78}},"103":{"start":{"line":263,"column":16},"end":{"line":263,"column":18}},"104":{"start":{"line":264,"column":2},"end":{"line":269,"column":3}},"105":{"start":{"line":266,"column":4},"end":{"line":266,"column":69}},"106":{"start":{"line":266,"column":35},"end":{"line":266,"column":51}},"107":{"start":{"line":268,"column":4},"end":{"line":268,"column":25}},"108":{"start":{"line":272,"column":2},"end":{"line":296,"column":5}},"109":{"start":{"line":274,"column":14},"end":{"line":274,"column":66}},"110":{"start":{"line":275,"column":4},"end":{"line":277,"column":5}},"111":{"start":{"line":276,"column":6},"end":{"line":276,"column":19}},"112":{"start":{"line":280,"column":4},"end":{"line":287,"column":5}},"113":{"start":{"line":281,"column":26},"end":{"line":281,"column":45}},"114":{"start":{"line":282,"column":29},"end":{"line":282,"column":107}},"115":{"start":{"line":283,"column":25},"end":{"line":283,"column":112}},"116":{"start":{"line":283,"column":70},"end":{"line":283,"column":111}},"117":{"start":{"line":284,"column":6},"end":{"line":286,"column":7}},"118":{"start":{"line":285,"column":8},"end":{"line":285,"column":21}},"119":{"start":{"line":290,"column":14},"end":{"line":290,"column":31}},"120":{"start":{"line":291,"column":4},"end":{"line":293,"column":5}},"121":{"start":{"line":292,"column":6},"end":{"line":292,"column":19}},"122":{"start":{"line":295,"column":4},"end":{"line":295,"column":16}},"123":{"start":{"line":299,"column":2},"end":{"line":318,"column":5}},"124":{"start":{"line":300,"column":4},"end":{"line":317,"column":5}},"125":{"start":{"line":302,"column":19},"end":{"line":302,"column":32}},"126":{"start":{"line":303,"column":19},"end":{"line":303,"column":32}},"127":{"start":{"line":304,"column":8},"end":{"line":304,"column":48}},"128":{"start":{"line":307,"column":19},"end":{"line":307,"column":32}},"129":{"start":{"line":308,"column":19},"end":{"line":308,"column":32}},"130":{"start":{"line":309,"column":8},"end":{"line":309,"column":48}},"131":{"start":{"line":312,"column":8},"end":{"line":312,"column":45}},"132":{"start":{"line":314,"column":8},"end":{"line":314,"column":45}},"133":{"start":{"line":316,"column":8},"end":{"line":316,"column":17}},"134":{"start":{"line":320,"column":19},"end":{"line":320,"column":41}},"135":{"start":{"line":322,"column":2},"end":{"line":326,"column":5}},"136":{"start":{"line":328,"column":2},"end":{"line":335,"column":5}},"137":{"start":{"line":344,"column":2},"end":{"line":346,"column":3}},"138":{"start":{"line":345,"column":4},"end":{"line":345,"column":80}},"139":{"start":{"line":348,"column":13},"end":{"line":348,"column":30}},"140":{"start":{"line":349,"column":16},"end":{"line":349,"column":98}},"141":{"start":{"line":350,"column":27},"end":{"line":350,"column":99}},"142":{"start":{"line":352,"column":12},"end":{"line":352,"column":52}},"143":{"start":{"line":354,"column":16},"end":{"line":354,"column":18}},"144":{"start":{"line":355,"column":2},"end":{"line":372,"column":3}},"145":{"start":{"line":356,"column":4},"end":{"line":361,"column":5}},"146":{"start":{"line":358,"column":6},"end":{"line":358,"column":77}},"147":{"start":{"line":358,"column":48},"end":{"line":358,"column":75}},"148":{"start":{"line":360,"column":6},"end":{"line":360,"column":36}},"149":{"start":{"line":364,"column":4},"end":{"line":371,"column":5}},"150":{"start":{"line":365,"column":25},"end":{"line":365,"column":70}},"151":{"start":{"line":367,"column":6},"end":{"line":370,"column":69}},"152":{"start":{"line":368,"column":19},"end":{"line":368,"column":35}},"153":{"start":{"line":370,"column":22},"end":{"line":370,"column":66}},"154":{"start":{"line":374,"column":19},"end":{"line":374,"column":41}},"155":{"start":{"line":376,"column":2},"end":{"line":382,"column":5}},"156":{"start":{"line":391,"column":2},"end":{"line":393,"column":3}},"157":{"start":{"line":392,"column":4},"end":{"line":392,"column":80}},"158":{"start":{"line":395,"column":13},"end":{"line":395,"column":30}},"159":{"start":{"line":396,"column":18},"end":{"line":396,"column":72}},"160":{"start":{"line":397,"column":18},"end":{"line":397,"column":72}},"161":{"start":{"line":399,"column":16},"end":{"line":399,"column":54}},"162":{"start":{"line":399,"column":32},"end":{"line":399,"column":53}},"163":{"start":{"line":400,"column":16},"end":{"line":400,"column":54}},"164":{"start":{"line":400,"column":32},"end":{"line":400,"column":53}},"165":{"start":{"line":402,"column":2},"end":{"line":404,"column":3}},"166":{"start":{"line":403,"column":4},"end":{"line":403,"column":60}},"167":{"start":{"line":405,"column":2},"end":{"line":407,"column":3}},"168":{"start":{"line":406,"column":4},"end":{"line":406,"column":60}},"169":{"start":{"line":410,"column":15},"end":{"line":410,"column":41}},"170":{"start":{"line":411,"column":15},"end":{"line":411,"column":41}},"171":{"start":{"line":413,"column":17},"end":{"line":413,"column":71}},"172":{"start":{"line":413,"column":52},"end":{"line":413,"column":63}},"173":{"start":{"line":414,"column":16},"end":{"line":414,"column":71}},"174":{"start":{"line":414,"column":51},"end":{"line":414,"column":63}},"175":{"start":{"line":415,"column":16},"end":{"line":415,"column":71}},"176":{"start":{"line":415,"column":51},"end":{"line":415,"column":63}},"177":{"start":{"line":417,"column":19},"end":{"line":417,"column":41}},"178":{"start":{"line":419,"column":2},"end":{"line":428,"column":5}},"179":{"start":{"line":438,"column":2},"end":{"line":440,"column":3}},"180":{"start":{"line":439,"column":4},"end":{"line":439,"column":80}},"181":{"start":{"line":442,"column":17},"end":{"line":442,"column":78}},"182":{"start":{"line":443,"column":17},"end":{"line":443,"column":77}},"183":{"start":{"line":445,"column":2},"end":{"line":456,"column":3}},"184":{"start":{"line":447,"column":20},"end":{"line":447,"column":51}},"185":{"start":{"line":448,"column":4},"end":{"line":454,"column":7}},"186":{"start":{"line":455,"column":4},"end":{"line":455,"column":11}},"187":{"start":{"line":459,"column":16},"end":{"line":459,"column":18}},"188":{"start":{"line":460,"column":2},"end":{"line":464,"column":3}},"189":{"start":{"line":461,"column":4},"end":{"line":461,"column":34}},"190":{"start":{"line":463,"column":4},"end":{"line":463,"column":48}},"191":{"start":{"line":466,"column":18},"end":{"line":469,"column":5}},"192":{"start":{"line":466,"column":38},"end":{"line":469,"column":3}},"193":{"start":{"line":471,"column":2},"end":{"line":478,"column":5}},"194":{"start":{"line":487,"column":2},"end":{"line":489,"column":3}},"195":{"start":{"line":488,"column":4},"end":{"line":488,"column":80}},"196":{"start":{"line":491,"column":15},"end":{"line":491,"column":63}},"197":{"start":{"line":492,"column":2},"end":{"line":494,"column":3}},"198":{"start":{"line":493,"column":4},"end":{"line":493,"column":70}},"199":{"start":{"line":496,"column":17},"end":{"line":496,"column":60}},"200":{"start":{"line":496,"column":33},"end":{"line":496,"column":59}},"201":{"start":{"line":497,"column":2},"end":{"line":499,"column":3}},"202":{"start":{"line":498,"column":4},"end":{"line":498,"column":70}},"203":{"start":{"line":501,"column":18},"end":{"line":501,"column":42}},"204":{"start":{"line":502,"column":2},"end":{"line":502,"column":22}},"205":{"start":{"line":503,"column":2},"end":{"line":503,"column":41}},"206":{"start":{"line":504,"column":2},"end":{"line":504,"column":35}},"207":{"start":{"line":505,"column":2},"end":{"line":505,"column":22}},"208":{"start":{"line":508,"column":2},"end":{"line":508,"column":24}},"209":{"start":{"line":510,"column":21},"end":{"line":510,"column":33}},"210":{"start":{"line":511,"column":22},"end":{"line":511,"column":68}},"211":{"start":{"line":511,"column":40},"end":{"line":511,"column":60}},"212":{"start":{"line":512,"column":26},"end":{"line":512,"column":77}},"213":{"start":{"line":512,"column":44},"end":{"line":512,"column":69}},"214":{"start":{"line":513,"column":29},"end":{"line":513,"column":47}},"215":{"start":{"line":515,"column":2},"end":{"line":530,"column":5}},"216":{"start":{"line":539,"column":17},"end":{"line":539,"column":28}},"217":{"start":{"line":540,"column":2},"end":{"line":543,"column":3}},"218":{"start":{"line":541,"column":4},"end":{"line":541,"column":30}},"219":{"start":{"line":542,"column":4},"end":{"line":542,"column":26}}},"fnMap":{"0":{"name":"(anonymous_0)","decl":{"start":{"line":25,"column":17},"end":{"line":25,"column":18}},"loc":{"start":{"line":25,"column":35},"end":{"line":58,"column":1}},"line":25},"1":{"name":"rebuildVectorsCache","decl":{"start":{"line":63,"column":9},"end":{"line":63,"column":28}},"loc":{"start":{"line":63,"column":31},"end":{"line":74,"column":1}},"line":63},"2":{"name":"(anonymous_2)","decl":{"start":{"line":64,"column":55},"end":{"line":64,"column":56}},"loc":{"start":{"line":64,"column":65},"end":{"line":64,"column":83}},"line":64},"3":{"name":"cleanAndFreezeGame","decl":{"start":{"line":83,"column":9},"end":{"line":83,"column":27}},"loc":{"start":{"line":83,"column":34},"end":{"line":107,"column":1}},"line":83},"4":{"name":"addToIndexAndDictionary","decl":{"start":{"line":114,"column":9},"end":{"line":114,"column":32}},"loc":{"start":{"line":114,"column":39},"end":{"line":142,"column":1}},"line":114},"5":{"name":"handleInit","decl":{"start":{"line":149,"column":15},"end":{"line":149,"column":25}},"loc":{"start":{"line":149,"column":32},"end":{"line":210,"column":1}},"line":149},"6":{"name":"(anonymous_6)","decl":{"start":{"line":161,"column":48},"end":{"line":161,"column":49}},"loc":{"start":{"line":161,"column":53},"end":{"line":161,"column":98}},"line":161},"7":{"name":"(anonymous_7)","decl":{"start":{"line":162,"column":57},"end":{"line":162,"column":58}},"loc":{"start":{"line":162,"column":62},"end":{"line":162,"column":112}},"line":162},"8":{"name":"handleSearch","decl":{"start":{"line":217,"column":9},"end":{"line":217,"column":21}},"loc":{"start":{"line":217,"column":28},"end":{"line":336,"column":1}},"line":217},"9":{"name":"(anonymous_9)","decl":{"start":{"line":266,"column":29},"end":{"line":266,"column":30}},"loc":{"start":{"line":266,"column":35},"end":{"line":266,"column":51}},"line":266},"10":{"name":"(anonymous_10)","decl":{"start":{"line":272,"column":27},"end":{"line":272,"column":28}},"loc":{"start":{"line":272,"column":35},"end":{"line":296,"column":3}},"line":272},"11":{"name":"(anonymous_11)","decl":{"start":{"line":283,"column":63},"end":{"line":283,"column":64}},"loc":{"start":{"line":283,"column":70},"end":{"line":283,"column":111}},"line":283},"12":{"name":"(anonymous_12)","decl":{"start":{"line":299,"column":15},"end":{"line":299,"column":16}},"loc":{"start":{"line":299,"column":25},"end":{"line":318,"column":3}},"line":299},"13":{"name":"handleAutocomplete","decl":{"start":{"line":343,"column":9},"end":{"line":343,"column":27}},"loc":{"start":{"line":343,"column":34},"end":{"line":383,"column":1}},"line":343},"14":{"name":"(anonymous_14)","decl":{"start":{"line":358,"column":43},"end":{"line":358,"column":44}},"loc":{"start":{"line":358,"column":48},"end":{"line":358,"column":75}},"line":358},"15":{"name":"(anonymous_15)","decl":{"start":{"line":368,"column":13},"end":{"line":368,"column":14}},"loc":{"start":{"line":368,"column":19},"end":{"line":368,"column":35}},"line":368},"16":{"name":"(anonymous_16)","decl":{"start":{"line":370,"column":13},"end":{"line":370,"column":14}},"loc":{"start":{"line":370,"column":22},"end":{"line":370,"column":66}},"line":370},"17":{"name":"handleCompare","decl":{"start":{"line":390,"column":9},"end":{"line":390,"column":22}},"loc":{"start":{"line":390,"column":29},"end":{"line":429,"column":1}},"line":390},"18":{"name":"(anonymous_18)","decl":{"start":{"line":399,"column":27},"end":{"line":399,"column":28}},"loc":{"start":{"line":399,"column":32},"end":{"line":399,"column":53}},"line":399},"19":{"name":"(anonymous_19)","decl":{"start":{"line":400,"column":27},"end":{"line":400,"column":28}},"loc":{"start":{"line":400,"column":32},"end":{"line":400,"column":53}},"line":400},"20":{"name":"(anonymous_20)","decl":{"start":{"line":413,"column":47},"end":{"line":413,"column":48}},"loc":{"start":{"line":413,"column":52},"end":{"line":413,"column":63}},"line":413},"21":{"name":"(anonymous_21)","decl":{"start":{"line":414,"column":46},"end":{"line":414,"column":47}},"loc":{"start":{"line":414,"column":51},"end":{"line":414,"column":63}},"line":414},"22":{"name":"(anonymous_22)","decl":{"start":{"line":415,"column":46},"end":{"line":415,"column":47}},"loc":{"start":{"line":415,"column":51},"end":{"line":415,"column":63}},"line":415},"23":{"name":"handleDictionary","decl":{"start":{"line":437,"column":9},"end":{"line":437,"column":25}},"loc":{"start":{"line":437,"column":32},"end":{"line":479,"column":1}},"line":437},"24":{"name":"(anonymous_24)","decl":{"start":{"line":466,"column":30},"end":{"line":466,"column":31}},"loc":{"start":{"line":466,"column":38},"end":{"line":469,"column":3}},"line":466},"25":{"name":"handleAddGame","decl":{"start":{"line":486,"column":9},"end":{"line":486,"column":22}},"loc":{"start":{"line":486,"column":29},"end":{"line":531,"column":1}},"line":486},"26":{"name":"(anonymous_26)","decl":{"start":{"line":496,"column":28},"end":{"line":496,"column":29}},"loc":{"start":{"line":496,"column":33},"end":{"line":496,"column":59}},"line":496},"27":{"name":"(anonymous_27)","decl":{"start":{"line":511,"column":35},"end":{"line":511,"column":36}},"loc":{"start":{"line":511,"column":40},"end":{"line":511,"column":60}},"line":511},"28":{"name":"(anonymous_28)","decl":{"start":{"line":512,"column":39},"end":{"line":512,"column":40}},"loc":{"start":{"line":512,"column":44},"end":{"line":512,"column":69}},"line":512},"29":{"name":"handleAddVector","decl":{"start":{"line":538,"column":9},"end":{"line":538,"column":24}},"loc":{"start":{"line":538,"column":31},"end":{"line":544,"column":1}},"line":538}},"branchMap":{"0":{"loc":{"start":{"line":26,"column":15},"end":{"line":26,"column":27}},"type":"binary-expr","locations":[{"start":{"line":26,"column":15},"end":{"line":26,"column":21}},{"start":{"line":26,"column":25},"end":{"line":26,"column":27}}],"line":26},"1":{"loc":{"start":{"line":27,"column":15},"end":{"line":27,"column":39}},"type":"binary-expr","locations":[{"start":{"line":27,"column":15},"end":{"line":27,"column":24}},{"start":{"line":27,"column":28},"end":{"line":27,"column":39}}],"line":27},"2":{"loc":{"start":{"line":30,"column":4},"end":{"line":54,"column":5}},"type":"switch","locations":[{"start":{"line":31,"column":6},"end":{"line":33,"column":14}},{"start":{"line":34,"column":6},"end":{"line":36,"column":14}},{"start":{"line":37,"column":6},"end":{"line":39,"column":14}},{"start":{"line":40,"column":6},"end":{"line":42,"column":14}},{"start":{"line":43,"column":6},"end":{"line":45,"column":14}},{"start":{"line":46,"column":6},"end":{"line":48,"column":14}},{"start":{"line":49,"column":6},"end":{"line":51,"column":14}},{"start":{"line":52,"column":6},"end":{"line":53,"column":90}}],"line":30},"3":{"loc":{"start":{"line":68,"column":19},"end":{"line":68,"column":52}},"type":"binary-expr","locations":[{"start":{"line":68,"column":19},"end":{"line":68,"column":39}},{"start":{"line":68,"column":43},"end":{"line":68,"column":52}}],"line":68},"4":{"loc":{"start":{"line":69,"column":4},"end":{"line":71,"column":5}},"type":"if","locations":[{"start":{"line":69,"column":4},"end":{"line":71,"column":5}},{"start":{},"end":{}}],"line":69},"5":{"loc":{"start":{"line":87,"column":10},"end":{"line":87,"column":57}},"type":"cond-expr","locations":[{"start":{"line":87,"column":36},"end":{"line":87,"column":53}},{"start":{"line":87,"column":56},"end":{"line":87,"column":57}}],"line":87},"6":{"loc":{"start":{"line":90,"column":15},"end":{"line":90,"column":35}},"type":"binary-expr","locations":[{"start":{"line":90,"column":15},"end":{"line":90,"column":29}},{"start":{"line":90,"column":33},"end":{"line":90,"column":35}}],"line":90},"7":{"loc":{"start":{"line":91,"column":22},"end":{"line":91,"column":49}},"type":"binary-expr","locations":[{"start":{"line":91,"column":22},"end":{"line":91,"column":43}},{"start":{"line":91,"column":47},"end":{"line":91,"column":49}}],"line":91},"8":{"loc":{"start":{"line":92,"column":25},"end":{"line":92,"column":55}},"type":"binary-expr","locations":[{"start":{"line":92,"column":25},"end":{"line":92,"column":49}},{"start":{"line":92,"column":53},"end":{"line":92,"column":55}}],"line":92},"9":{"loc":{"start":{"line":116,"column":16},"end":{"line":116,"column":32}},"type":"binary-expr","locations":[{"start":{"line":116,"column":16},"end":{"line":116,"column":26}},{"start":{"line":116,"column":30},"end":{"line":116,"column":32}}],"line":116},"10":{"loc":{"start":{"line":117,"column":23},"end":{"line":117,"column":47}},"type":"binary-expr","locations":[{"start":{"line":117,"column":23},"end":{"line":117,"column":41}},{"start":{"line":117,"column":45},"end":{"line":117,"column":47}}],"line":117},"11":{"loc":{"start":{"line":118,"column":24},"end":{"line":118,"column":44}},"type":"binary-expr","locations":[{"start":{"line":118,"column":24},"end":{"line":118,"column":38}},{"start":{"line":118,"column":42},"end":{"line":118,"column":44}}],"line":118},"12":{"loc":{"start":{"line":119,"column":22},"end":{"line":119,"column":49}},"type":"binary-expr","locations":[{"start":{"line":119,"column":22},"end":{"line":119,"column":43}},{"start":{"line":119,"column":47},"end":{"line":119,"column":49}}],"line":119},"13":{"loc":{"start":{"line":126,"column":2},"end":{"line":141,"column":3}},"type":"if","locations":[{"start":{"line":126,"column":2},"end":{"line":141,"column":3}},{"start":{},"end":{}}],"line":126},"14":{"loc":{"start":{"line":129,"column":6},"end":{"line":131,"column":7}},"type":"if","locations":[{"start":{"line":129,"column":6},"end":{"line":131,"column":7}},{"start":{},"end":{}}],"line":129},"15":{"loc":{"start":{"line":151,"column":14},"end":{"line":151,"column":105}},"type":"binary-expr","locations":[{"start":{"line":151,"column":14},"end":{"line":151,"column":24}},{"start":{"line":151,"column":29},"end":{"line":151,"column":41}},{"start":{"line":151,"column":46},"end":{"line":151,"column":64}},{"start":{"line":151,"column":68},"end":{"line":151,"column":84}},{"start":{"line":151,"column":90},"end":{"line":151,"column":105}}],"line":151},"16":{"loc":{"start":{"line":154,"column":2},"end":{"line":156,"column":3}},"type":"if","locations":[{"start":{"line":154,"column":2},"end":{"line":156,"column":3}},{"start":{},"end":{}}],"line":154},"17":{"loc":{"start":{"line":161,"column":18},"end":{"line":161,"column":42}},"type":"binary-expr","locations":[{"start":{"line":161,"column":18},"end":{"line":161,"column":36}},{"start":{"line":161,"column":40},"end":{"line":161,"column":42}}],"line":161},"18":{"loc":{"start":{"line":162,"column":22},"end":{"line":162,"column":51}},"type":"binary-expr","locations":[{"start":{"line":162,"column":22},"end":{"line":162,"column":45}},{"start":{"line":162,"column":49},"end":{"line":162,"column":51}}],"line":162},"19":{"loc":{"start":{"line":218,"column":2},"end":{"line":220,"column":3}},"type":"if","locations":[{"start":{"line":218,"column":2},"end":{"line":220,"column":3}},{"start":{},"end":{}}],"line":218},"20":{"loc":{"start":{"line":223,"column":18},"end":{"line":223,"column":52}},"type":"binary-expr","locations":[{"start":{"line":223,"column":18},"end":{"line":223,"column":30}},{"start":{"line":223,"column":34},"end":{"line":223,"column":46}},{"start":{"line":223,"column":50},"end":{"line":223,"column":52}}],"line":223},"21":{"loc":{"start":{"line":226,"column":28},"end":{"line":226,"column":52}},"type":"binary-expr","locations":[{"start":{"line":226,"column":28},"end":{"line":226,"column":46}},{"start":{"line":226,"column":50},"end":{"line":226,"column":52}}],"line":226},"22":{"loc":{"start":{"line":227,"column":24},"end":{"line":227,"column":47}},"type":"binary-expr","locations":[{"start":{"line":227,"column":24},"end":{"line":227,"column":38}},{"start":{"line":227,"column":42},"end":{"line":227,"column":47}}],"line":227},"23":{"loc":{"start":{"line":228,"column":23},"end":{"line":228,"column":45}},"type":"binary-expr","locations":[{"start":{"line":228,"column":23},"end":{"line":228,"column":36}},{"start":{"line":228,"column":40},"end":{"line":228,"column":45}}],"line":228},"24":{"loc":{"start":{"line":229,"column":18},"end":{"line":229,"column":80}},"type":"cond-expr","locations":[{"start":{"line":229,"column":50},"end":{"line":229,"column":73}},{"start":{"line":229,"column":76},"end":{"line":229,"column":80}}],"line":229},"25":{"loc":{"start":{"line":230,"column":18},"end":{"line":230,"column":80}},"type":"cond-expr","locations":[{"start":{"line":230,"column":50},"end":{"line":230,"column":73}},{"start":{"line":230,"column":76},"end":{"line":230,"column":80}}],"line":230},"26":{"loc":{"start":{"line":231,"column":22},"end":{"line":231,"column":49}},"type":"binary-expr","locations":[{"start":{"line":231,"column":22},"end":{"line":231,"column":34}},{"start":{"line":231,"column":38},"end":{"line":231,"column":49}}],"line":231},"27":{"loc":{"start":{"line":241,"column":2},"end":{"line":253,"column":3}},"type":"if","locations":[{"start":{"line":241,"column":2},"end":{"line":253,"column":3}},{"start":{},"end":{}}],"line":241},"28":{"loc":{"start":{"line":258,"column":2},"end":{"line":261,"column":3}},"type":"if","locations":[{"start":{"line":258,"column":2},"end":{"line":261,"column":3}},{"start":{},"end":{}}],"line":258},"29":{"loc":{"start":{"line":264,"column":2},"end":{"line":269,"column":3}},"type":"if","locations":[{"start":{"line":264,"column":2},"end":{"line":269,"column":3}},{"start":{"line":267,"column":9},"end":{"line":269,"column":3}}],"line":264},"30":{"loc":{"start":{"line":274,"column":14},"end":{"line":274,"column":66}},"type":"cond-expr","locations":[{"start":{"line":274,"column":28},"end":{"line":274,"column":61}},{"start":{"line":274,"column":64},"end":{"line":274,"column":66}}],"line":274},"31":{"loc":{"start":{"line":275,"column":4},"end":{"line":277,"column":5}},"type":"if","locations":[{"start":{"line":275,"column":4},"end":{"line":277,"column":5}},{"start":{},"end":{}}],"line":275},"32":{"loc":{"start":{"line":275,"column":8},"end":{"line":275,"column":54}},"type":"binary-expr","locations":[{"start":{"line":275,"column":8},"end":{"line":275,"column":24}},{"start":{"line":275,"column":28},"end":{"line":275,"column":54}}],"line":275},"33":{"loc":{"start":{"line":280,"column":4},"end":{"line":287,"column":5}},"type":"if","locations":[{"start":{"line":280,"column":4},"end":{"line":287,"column":5}},{"start":{},"end":{}}],"line":280},"34":{"loc":{"start":{"line":282,"column":29},"end":{"line":282,"column":107}},"type":"binary-expr","locations":[{"start":{"line":282,"column":29},"end":{"line":282,"column":47}},{"start":{"line":282,"column":51},"end":{"line":282,"column":107}}],"line":282},"35":{"loc":{"start":{"line":283,"column":25},"end":{"line":283,"column":112}},"type":"binary-expr","locations":[{"start":{"line":283,"column":25},"end":{"line":283,"column":39}},{"start":{"line":283,"column":43},"end":{"line":283,"column":112}}],"line":283},"36":{"loc":{"start":{"line":284,"column":6},"end":{"line":286,"column":7}},"type":"if","locations":[{"start":{"line":284,"column":6},"end":{"line":286,"column":7}},{"start":{},"end":{}}],"line":284},"37":{"loc":{"start":{"line":284,"column":10},"end":{"line":284,"column":40}},"type":"binary-expr","locations":[{"start":{"line":284,"column":10},"end":{"line":284,"column":25}},{"start":{"line":284,"column":29},"end":{"line":284,"column":40}}],"line":284},"38":{"loc":{"start":{"line":291,"column":4},"end":{"line":293,"column":5}},"type":"if","locations":[{"start":{"line":291,"column":4},"end":{"line":293,"column":5}},{"start":{},"end":{}}],"line":291},"39":{"loc":{"start":{"line":291,"column":8},"end":{"line":291,"column":34}},"type":"binary-expr","locations":[{"start":{"line":291,"column":8},"end":{"line":291,"column":19}},{"start":{"line":291,"column":23},"end":{"line":291,"column":34}}],"line":291},"40":{"loc":{"start":{"line":300,"column":4},"end":{"line":317,"column":5}},"type":"switch","locations":[{"start":{"line":301,"column":6},"end":{"line":305,"column":7}},{"start":{"line":306,"column":6},"end":{"line":310,"column":7}},{"start":{"line":311,"column":6},"end":{"line":312,"column":45}},{"start":{"line":313,"column":6},"end":{"line":314,"column":45}},{"start":{"line":315,"column":6},"end":{"line":316,"column":17}}],"line":300},"41":{"loc":{"start":{"line":302,"column":19},"end":{"line":302,"column":32}},"type":"binary-expr","locations":[{"start":{"line":302,"column":19},"end":{"line":302,"column":26}},{"start":{"line":302,"column":30},"end":{"line":302,"column":32}}],"line":302},"42":{"loc":{"start":{"line":303,"column":19},"end":{"line":303,"column":32}},"type":"binary-expr","locations":[{"start":{"line":303,"column":19},"end":{"line":303,"column":26}},{"start":{"line":303,"column":30},"end":{"line":303,"column":32}}],"line":303},"43":{"loc":{"start":{"line":304,"column":15},"end":{"line":304,"column":47}},"type":"cond-expr","locations":[{"start":{"line":304,"column":25},"end":{"line":304,"column":27}},{"start":{"line":304,"column":31},"end":{"line":304,"column":46}}],"line":304},"44":{"loc":{"start":{"line":304,"column":31},"end":{"line":304,"column":46}},"type":"cond-expr","locations":[{"start":{"line":304,"column":41},"end":{"line":304,"column":42}},{"start":{"line":304,"column":45},"end":{"line":304,"column":46}}],"line":304},"45":{"loc":{"start":{"line":307,"column":19},"end":{"line":307,"column":32}},"type":"binary-expr","locations":[{"start":{"line":307,"column":19},"end":{"line":307,"column":26}},{"start":{"line":307,"column":30},"end":{"line":307,"column":32}}],"line":307},"46":{"loc":{"start":{"line":308,"column":19},"end":{"line":308,"column":32}},"type":"binary-expr","locations":[{"start":{"line":308,"column":19},"end":{"line":308,"column":26}},{"start":{"line":308,"column":30},"end":{"line":308,"column":32}}],"line":308},"47":{"loc":{"start":{"line":309,"column":15},"end":{"line":309,"column":47}},"type":"cond-expr","locations":[{"start":{"line":309,"column":25},"end":{"line":309,"column":27}},{"start":{"line":309,"column":31},"end":{"line":309,"column":46}}],"line":309},"48":{"loc":{"start":{"line":309,"column":31},"end":{"line":309,"column":46}},"type":"cond-expr","locations":[{"start":{"line":309,"column":41},"end":{"line":309,"column":42}},{"start":{"line":309,"column":45},"end":{"line":309,"column":46}}],"line":309},"49":{"loc":{"start":{"line":312,"column":16},"end":{"line":312,"column":27}},"type":"binary-expr","locations":[{"start":{"line":312,"column":16},"end":{"line":312,"column":22}},{"start":{"line":312,"column":26},"end":{"line":312,"column":27}}],"line":312},"50":{"loc":{"start":{"line":312,"column":32},"end":{"line":312,"column":43}},"type":"binary-expr","locations":[{"start":{"line":312,"column":32},"end":{"line":312,"column":38}},{"start":{"line":312,"column":42},"end":{"line":312,"column":43}}],"line":312},"51":{"loc":{"start":{"line":314,"column":16},"end":{"line":314,"column":27}},"type":"binary-expr","locations":[{"start":{"line":314,"column":16},"end":{"line":314,"column":22}},{"start":{"line":314,"column":26},"end":{"line":314,"column":27}}],"line":314},"52":{"loc":{"start":{"line":314,"column":32},"end":{"line":314,"column":43}},"type":"binary-expr","locations":[{"start":{"line":314,"column":32},"end":{"line":314,"column":38}},{"start":{"line":314,"column":42},"end":{"line":314,"column":43}}],"line":314},"53":{"loc":{"start":{"line":344,"column":2},"end":{"line":346,"column":3}},"type":"if","locations":[{"start":{"line":344,"column":2},"end":{"line":346,"column":3}},{"start":{},"end":{}}],"line":344},"54":{"loc":{"start":{"line":349,"column":16},"end":{"line":349,"column":98}},"type":"cond-expr","locations":[{"start":{"line":349,"column":43},"end":{"line":349,"column":53}},{"start":{"line":349,"column":56},"end":{"line":349,"column":98}}],"line":349},"55":{"loc":{"start":{"line":349,"column":56},"end":{"line":349,"column":98}},"type":"binary-expr","locations":[{"start":{"line":349,"column":57},"end":{"line":349,"column":69}},{"start":{"line":349,"column":73},"end":{"line":349,"column":91}},{"start":{"line":349,"column":96},"end":{"line":349,"column":98}}],"line":349},"56":{"loc":{"start":{"line":350,"column":27},"end":{"line":350,"column":99}},"type":"binary-expr","locations":[{"start":{"line":350,"column":27},"end":{"line":350,"column":48}},{"start":{"line":350,"column":53},"end":{"line":350,"column":65}},{"start":{"line":350,"column":69},"end":{"line":350,"column":86}},{"start":{"line":350,"column":91},"end":{"line":350,"column":99}}],"line":350},"57":{"loc":{"start":{"line":352,"column":19},"end":{"line":352,"column":30}},"type":"binary-expr","locations":[{"start":{"line":352,"column":19},"end":{"line":352,"column":24}},{"start":{"line":352,"column":28},"end":{"line":352,"column":30}}],"line":352},"58":{"loc":{"start":{"line":355,"column":2},"end":{"line":372,"column":3}},"type":"if","locations":[{"start":{"line":355,"column":2},"end":{"line":372,"column":3}},{"start":{"line":362,"column":9},"end":{"line":372,"column":3}}],"line":355},"59":{"loc":{"start":{"line":356,"column":4},"end":{"line":361,"column":5}},"type":"if","locations":[{"start":{"line":356,"column":4},"end":{"line":361,"column":5}},{"start":{"line":359,"column":11},"end":{"line":361,"column":5}}],"line":356},"60":{"loc":{"start":{"line":364,"column":4},"end":{"line":371,"column":5}},"type":"if","locations":[{"start":{"line":364,"column":4},"end":{"line":371,"column":5}},{"start":{},"end":{}}],"line":364},"61":{"loc":{"start":{"line":379,"column":17},"end":{"line":379,"column":61}},"type":"cond-expr","locations":[{"start":{"line":379,"column":49},"end":{"line":379,"column":56}},{"start":{"line":379,"column":59},"end":{"line":379,"column":61}}],"line":379},"62":{"loc":{"start":{"line":391,"column":2},"end":{"line":393,"column":3}},"type":"if","locations":[{"start":{"line":391,"column":2},"end":{"line":393,"column":3}},{"start":{},"end":{}}],"line":391},"63":{"loc":{"start":{"line":396,"column":18},"end":{"line":396,"column":72}},"type":"binary-expr","locations":[{"start":{"line":396,"column":18},"end":{"line":396,"column":30}},{"start":{"line":396,"column":35},"end":{"line":396,"column":47}},{"start":{"line":396,"column":51},"end":{"line":396,"column":71}}],"line":396},"64":{"loc":{"start":{"line":397,"column":18},"end":{"line":397,"column":72}},"type":"binary-expr","locations":[{"start":{"line":397,"column":18},"end":{"line":397,"column":30}},{"start":{"line":397,"column":35},"end":{"line":397,"column":47}},{"start":{"line":397,"column":51},"end":{"line":397,"column":71}}],"line":397},"65":{"loc":{"start":{"line":402,"column":2},"end":{"line":404,"column":3}},"type":"if","locations":[{"start":{"line":402,"column":2},"end":{"line":404,"column":3}},{"start":{},"end":{}}],"line":402},"66":{"loc":{"start":{"line":405,"column":2},"end":{"line":407,"column":3}},"type":"if","locations":[{"start":{"line":405,"column":2},"end":{"line":407,"column":3}},{"start":{},"end":{}}],"line":405},"67":{"loc":{"start":{"line":438,"column":2},"end":{"line":440,"column":3}},"type":"if","locations":[{"start":{"line":438,"column":2},"end":{"line":440,"column":3}},{"start":{},"end":{}}],"line":438},"68":{"loc":{"start":{"line":442,"column":17},"end":{"line":442,"column":78}},"type":"binary-expr","locations":[{"start":{"line":442,"column":17},"end":{"line":442,"column":28}},{"start":{"line":442,"column":33},"end":{"line":442,"column":45}},{"start":{"line":442,"column":49},"end":{"line":442,"column":68}},{"start":{"line":442,"column":73},"end":{"line":442,"column":78}}],"line":442},"69":{"loc":{"start":{"line":443,"column":17},"end":{"line":443,"column":77}},"type":"binary-expr","locations":[{"start":{"line":443,"column":17},"end":{"line":443,"column":28}},{"start":{"line":443,"column":33},"end":{"line":443,"column":45}},{"start":{"line":443,"column":49},"end":{"line":443,"column":68}},{"start":{"line":443,"column":73},"end":{"line":443,"column":77}}],"line":443},"70":{"loc":{"start":{"line":445,"column":2},"end":{"line":456,"column":3}},"type":"if","locations":[{"start":{"line":445,"column":2},"end":{"line":456,"column":3}},{"start":{},"end":{}}],"line":445},"71":{"loc":{"start":{"line":447,"column":20},"end":{"line":447,"column":51}},"type":"binary-expr","locations":[{"start":{"line":447,"column":20},"end":{"line":447,"column":45}},{"start":{"line":447,"column":49},"end":{"line":447,"column":51}}],"line":447},"72":{"loc":{"start":{"line":460,"column":2},"end":{"line":464,"column":3}},"type":"if","locations":[{"start":{"line":460,"column":2},"end":{"line":464,"column":3}},{"start":{"line":462,"column":9},"end":{"line":464,"column":3}}],"line":460},"73":{"loc":{"start":{"line":463,"column":14},"end":{"line":463,"column":47}},"type":"binary-expr","locations":[{"start":{"line":463,"column":14},"end":{"line":463,"column":41}},{"start":{"line":463,"column":45},"end":{"line":463,"column":47}}],"line":463},"74":{"loc":{"start":{"line":468,"column":11},"end":{"line":468,"column":39}},"type":"binary-expr","locations":[{"start":{"line":468,"column":11},"end":{"line":468,"column":33}},{"start":{"line":468,"column":37},"end":{"line":468,"column":39}}],"line":468},"75":{"loc":{"start":{"line":487,"column":2},"end":{"line":489,"column":3}},"type":"if","locations":[{"start":{"line":487,"column":2},"end":{"line":489,"column":3}},{"start":{},"end":{}}],"line":487},"76":{"loc":{"start":{"line":491,"column":15},"end":{"line":491,"column":63}},"type":"binary-expr","locations":[{"start":{"line":491,"column":15},"end":{"line":491,"column":24}},{"start":{"line":491,"column":29},"end":{"line":491,"column":41}},{"start":{"line":491,"column":45},"end":{"line":491,"column":62}}],"line":491},"77":{"loc":{"start":{"line":492,"column":2},"end":{"line":494,"column":3}},"type":"if","locations":[{"start":{"line":492,"column":2},"end":{"line":494,"column":3}},{"start":{},"end":{}}],"line":492},"78":{"loc":{"start":{"line":492,"column":6},"end":{"line":492,"column":43}},"type":"binary-expr","locations":[{"start":{"line":492,"column":6},"end":{"line":492,"column":11}},{"start":{"line":492,"column":15},"end":{"line":492,"column":28}},{"start":{"line":492,"column":32},"end":{"line":492,"column":43}}],"line":492},"79":{"loc":{"start":{"line":497,"column":2},"end":{"line":499,"column":3}},"type":"if","locations":[{"start":{"line":497,"column":2},"end":{"line":499,"column":3}},{"start":{},"end":{}}],"line":497},"80":{"loc":{"start":{"line":540,"column":2},"end":{"line":543,"column":3}},"type":"if","locations":[{"start":{"line":540,"column":2},"end":{"line":543,"column":3}},{"start":{},"end":{}}],"line":540},"81":{"loc":{"start":{"line":540,"column":6},"end":{"line":540,"column":42}},"type":"binary-expr","locations":[{"start":{"line":540,"column":6},"end":{"line":540,"column":12}},{"start":{"line":540,"column":16},"end":{"line":540,"column":42}}],"line":540}},"s":{"0":1,"1":1,"2":1,"3":1,"4":1,"5":1,"6":1,"7":1,"8":1,"9":1,"10":1,"11":67,"12":67,"13":67,"14":67,"15":8,"16":7,"17":22,"18":21,"19":8,"20":7,"21":5,"22":2,"23":9,"24":8,"25":8,"26":5,"27":4,"28":4,"29":3,"30":10,"31":14,"32":43220,"33":14,"34":14,"35":5711,"36":5711,"37":104,"38":5711,"39":23673,"40":23673,"41":23673,"42":23673,"43":23673,"44":23673,"45":23673,"46":23673,"47":23673,"48":23673,"49":23673,"50":23673,"51":23673,"52":23673,"53":23673,"54":72368,"55":72368,"56":2377,"57":72368,"58":8,"59":8,"60":8,"61":1,"62":7,"63":7,"64":8012,"65":7,"66":15656,"67":7,"68":7,"69":7,"70":7,"71":7,"72":7,"73":7,"74":23668,"75":23668,"76":7,"77":7,"78":7,"79":7,"80":7,"81":7,"82":7,"83":22,"84":1,"85":21,"86":21,"87":21,"88":21,"89":21,"90":21,"91":21,"92":21,"93":21,"94":21,"95":2,"96":2,"97":2,"98":2,"99":19,"100":19,"101":19,"102":5,"103":19,"104":19,"105":5,"106":6080,"107":14,"108":19,"109":53438,"110":53438,"111":1701,"112":51737,"113":9470,"114":9470,"115":9470,"116":19634,"117":9470,"118":9470,"119":42267,"120":42267,"121":4741,"122":37526,"123":19,"124":254462,"125":194273,"126":194273,"127":194273,"128":42924,"129":42924,"130":42924,"131":11073,"132":1458,"133":4734,"134":19,"135":19,"136":19,"137":8,"138":1,"139":7,"140":7,"141":7,"142":7,"143":7,"144":7,"145":5,"146":4,"147":1903,"148":1,"149":2,"150":1,"151":1,"152":2,"153":2,"154":7,"155":7,"156":5,"157":1,"158":4,"159":4,"160":4,"161":4,"162":4739,"163":4,"164":4741,"165":4,"166":1,"167":3,"168":1,"169":2,"170":2,"171":2,"172":6,"173":2,"174":6,"175":2,"176":16,"177":2,"178":2,"179":9,"180":1,"181":8,"182":8,"183":8,"184":4,"185":4,"186":4,"187":4,"188":4,"189":1,"190":3,"191":4,"192":650,"193":4,"194":8,"195":1,"196":7,"197":7,"198":1,"199":6,"200":23671,"201":6,"202":1,"203":5,"204":5,"205":5,"206":5,"207":5,"208":5,"209":5,"210":5,"211":23674,"212":5,"213":23674,"214":5,"215":5,"216":4,"217":4,"218":2,"219":2},"f":{"0":67,"1":14,"2":43220,"3":23673,"4":23673,"5":8,"6":8012,"7":15656,"8":22,"9":6080,"10":53438,"11":19634,"12":254462,"13":8,"14":1903,"15":2,"16":2,"17":5,"18":4739,"19":4741,"20":6,"21":6,"22":16,"23":9,"24":650,"25":8,"26":23671,"27":23674,"28":23674,"29":4},"b":{"0":[67,2],"1":[67,3],"2":[8,22,8,5,9,8,4,3],"3":[5711,2],"4":[104,5607],"5":[23668,5],"6":[23673,8],"7":[23673,5],"8":[23673,6],"9":[23673,2],"10":[23673,6],"11":[23673,0],"12":[23673,0],"13":[23673,0],"14":[2377,69991],"15":[8,6,2,1,4],"16":[1,7],"17":[7,1],"18":[7,1],"19":[1,21],"20":[21,2,1],"21":[21,13],"22":[21,15],"23":[21,19],"24":[1,20],"25":[1,20],"26":[21,12],"27":[2,19],"28":[5,14],"29":[5,14],"30":[53436,2],"31":[1701,51737],"32":[53438,6079],"33":[9470,42267],"34":[9470,9470],"35":[9470,9470],"36":[9470,0],"37":[9470,9470],"38":[4741,37526],"39":[42267,37526],"40":[194273,42924,11073,1458,4734],"41":[194273,0],"42":[194273,0],"43":[93540,100733],"44":[100649,84],"45":[42924,0],"46":[42924,0],"47":[25436,17488],"48":[17467,21],"49":[11073,0],"50":[11073,0],"51":[1458,0],"52":[1458,0],"53":[1,7],"54":[5,2],"55":[2,2,1],"56":[7,3,2,1],"57":[7,2],"58":[5,2],"59":[4,1],"60":[1,1],"61":[5,2],"62":[1,4],"63":[4,1,1],"64":[4,1,1],"65":[1,3],"66":[1,2],"67":[1,8],"68":[8,5,2,4],"69":[8,5,2,4],"70":[4,4],"71":[4,1],"72":[1,3],"73":[3,1],"74":[650,0],"75":[1,7],"76":[7,1,1],"77":[1,6],"78":[7,7,7],"79":[1,5],"80":[2,2],"81":[4,3]},"_coverageSchema":"1a1c01bbd47fc00a2c39e90264f33305004495a9","hash":"f405ac7a21ac18567c52960749bfa524afdc36b1"}
}
