TN:
SF:search-worker.js
FN:25,(anonymous_0)
FN:63,rebuildVectorsCache
FN:64,(anonymous_2)
FN:83,cleanAndFreezeGame
FN:114,addToIndexAndDictionary
FN:149,handleInit
FN:161,(anonymous_6)
FN:162,(anonymous_7)
FN:217,handleSearch
FN:266,(anonymous_9)
FN:272,(anonymous_10)
FN:283,(anonymous_11)
FN:299,(anonymous_12)
FN:343,handleAutocomplete
FN:358,(anonymous_14)
FN:368,(anonymous_15)
FN:370,(anonymous_16)
FN:390,handleCompare
FN:399,(anonymous_18)
FN:400,(anonymous_19)
FN:413,(anonymous_20)
FN:414,(anonymous_21)
FN:415,(anonymous_22)
FN:437,handleDictionary
FN:466,(anonymous_24)
FN:486,handleAddGame
FN:496,(anonymous_26)
FN:511,(anonymous_27)
FN:512,(anonymous_28)
FN:538,handleAddVector
FNF:30
FNH:30
FNDA:67,(anonymous_0)
FNDA:14,rebuildVectorsCache
FNDA:43220,(anonymous_2)
FNDA:23673,cleanAndFreezeGame
FNDA:23673,addToIndexAndDictionary
FNDA:8,handleInit
FNDA:8012,(anonymous_6)
FNDA:15656,(anonymous_7)
FNDA:22,handleSearch
FNDA:6080,(anonymous_9)
FNDA:53438,(anonymous_10)
FNDA:19634,(anonymous_11)
FNDA:254462,(anonymous_12)
FNDA:8,handleAutocomplete
FNDA:1903,(anonymous_14)
FNDA:2,(anonymous_15)
FNDA:2,(anonymous_16)
FNDA:5,handleCompare
FNDA:4739,(anonymous_18)
FNDA:4741,(anonymous_19)
FNDA:6,(anonymous_20)
FNDA:6,(anonymous_21)
FNDA:16,(anonymous_22)
FNDA:9,handleDictionary
FNDA:650,(anonymous_24)
FNDA:8,handleAddGame
FNDA:23671,(anonymous_26)
FNDA:23674,(anonymous_27)
FNDA:23674,(anonymous_28)
FNDA:4,handleAddVector
DA:10,1
DA:12,1
DA:13,1
DA:14,1
DA:15,1
DA:16,1
DA:17,1
DA:18,1
DA:21,1
DA:22,1
DA:25,1
DA:26,67
DA:27,67
DA:29,67
DA:30,67
DA:32,8
DA:33,7
DA:35,22
DA:36,21
DA:38,8
DA:39,7
DA:41,5
DA:42,2
DA:44,9
DA:45,8
DA:47,8
DA:48,5
DA:50,4
DA:51,4
DA:53,3
DA:56,10
DA:64,43220
DA:66,14
DA:67,14
DA:68,5711
DA:69,5711
DA:70,104
DA:72,5711
DA:84,23673
DA:98,23673
DA:101,23673
DA:102,23673
DA:103,23673
DA:104,23673
DA:106,23673
DA:116,23673
DA:117,23673
DA:118,23673
DA:119,23673
DA:120,23673
DA:123,23673
DA:126,23673
DA:127,23673
DA:128,72368
DA:129,72368
DA:130,2377
DA:134,72368
DA:151,8
DA:153,8
DA:154,8
DA:155,1
DA:158,7
DA:161,8012
DA:162,15656
DA:163,7
DA:168,7
DA:175,7
DA:176,7
DA:177,7
DA:178,7
DA:181,7
DA:182,23668
DA:183,23668
DA:187,7
DA:189,7
DA:191,7
DA:192,7
DA:193,7
DA:194,7
DA:196,7
DA:218,22
DA:219,1
DA:222,21
DA:223,21
DA:226,21
DA:227,21
DA:228,21
DA:229,21
DA:230,21
DA:231,21
DA:233,21
DA:241,21
DA:242,2
DA:243,2
DA:244,2
DA:252,2
DA:255,19
DA:256,19
DA:258,19
DA:260,5
DA:263,19
DA:264,19
DA:266,6080
DA:268,14
DA:272,19
DA:274,53438
DA:275,53438
DA:276,1701
DA:280,51737
DA:281,9470
DA:282,9470
DA:283,19634
DA:284,9470
DA:285,9470
DA:290,42267
DA:291,42267
DA:292,4741
DA:295,37526
DA:299,19
DA:300,254462
DA:302,194273
DA:303,194273
DA:304,194273
DA:307,42924
DA:308,42924
DA:309,42924
DA:312,11073
DA:314,1458
DA:316,4734
DA:320,19
DA:322,19
DA:328,19
DA:344,8
DA:345,1
DA:348,7
DA:349,7
DA:350,7
DA:352,7
DA:354,7
DA:355,7
DA:356,5
DA:358,1903
DA:360,1
DA:364,2
DA:365,1
DA:367,1
DA:368,2
DA:370,2
DA:374,7
DA:376,7
DA:391,5
DA:392,1
DA:395,4
DA:396,4
DA:397,4
DA:399,4739
DA:400,4741
DA:402,4
DA:403,1
DA:405,3
DA:406,1
DA:410,2
DA:411,2
DA:413,6
DA:414,6
DA:415,16
DA:417,2
DA:419,2
DA:438,9
DA:439,1
DA:442,8
DA:443,8
DA:445,8
DA:447,4
DA:448,4
DA:455,4
DA:459,4
DA:460,4
DA:461,1
DA:463,3
DA:466,650
DA:471,4
DA:487,8
DA:488,1
DA:491,7
DA:492,7
DA:493,1
DA:496,23671
DA:497,6
DA:498,1
DA:501,5
DA:502,5
DA:503,5
DA:504,5
DA:505,5
DA:508,5
DA:510,5
DA:511,23674
DA:512,23674
DA:513,5
DA:515,5
DA:539,4
DA:540,4
DA:541,2
DA:542,2
LF:205
LH:205
BRDA:26,0,0,67
BRDA:26,0,1,2
BRDA:27,1,0,67
BRDA:27,1,1,3
BRDA:30,2,0,8
BRDA:30,2,1,22
BRDA:30,2,2,8
BRDA:30,2,3,5
BRDA:30,2,4,9
BRDA:30,2,5,8
BRDA:30,2,6,4
BRDA:30,2,7,3
BRDA:68,3,0,5711
BRDA:68,3,1,2
BRDA:69,4,0,104
BRDA:69,4,1,5607
BRDA:87,5,0,23668
BRDA:87,5,1,5
BRDA:90,6,0,23673
BRDA:90,6,1,8
BRDA:91,7,0,23673
BRDA:91,7,1,5
BRDA:92,8,0,23673
BRDA:92,8,1,6
BRDA:116,9,0,23673
BRDA:116,9,1,2
BRDA:117,10,0,23673
BRDA:117,10,1,6
BRDA:118,11,0,23673
BRDA:118,11,1,0
BRDA:119,12,0,23673
BRDA:119,12,1,0
BRDA:126,13,0,23673
BRDA:126,13,1,0
BRDA:129,14,0,2377
BRDA:129,14,1,69991
BRDA:151,15,0,8
BRDA:151,15,1,6
BRDA:151,15,2,2
BRDA:151,15,3,1
BRDA:151,15,4,4
BRDA:154,16,0,1
BRDA:154,16,1,7
BRDA:161,17,0,7
BRDA:161,17,1,1
BRDA:162,18,0,7
BRDA:162,18,1,1
BRDA:218,19,0,1
BRDA:218,19,1,21
BRDA:223,20,0,21
BRDA:223,20,1,2
BRDA:223,20,2,1
BRDA:226,21,0,21
BRDA:226,21,1,13
BRDA:227,22,0,21
BRDA:227,22,1,15
BRDA:228,23,0,21
BRDA:228,23,1,19
BRDA:229,24,0,1
BRDA:229,24,1,20
BRDA:230,25,0,1
BRDA:230,25,1,20
BRDA:231,26,0,21
BRDA:231,26,1,12
BRDA:241,27,0,2
BRDA:241,27,1,19
BRDA:258,28,0,5
BRDA:258,28,1,14
BRDA:264,29,0,5
BRDA:264,29,1,14
BRDA:274,30,0,53436
BRDA:274,30,1,2
BRDA:275,31,0,1701
BRDA:275,31,1,51737
BRDA:275,32,0,53438
BRDA:275,32,1,6079
BRDA:280,33,0,9470
BRDA:280,33,1,42267
BRDA:282,34,0,9470
BRDA:282,34,1,9470
BRDA:283,35,0,9470
BRDA:283,35,1,9470
BRDA:284,36,0,9470
BRDA:284,36,1,0
BRDA:284,37,0,9470
BRDA:284,37,1,9470
BRDA:291,38,0,4741
BRDA:291,38,1,37526
BRDA:291,39,0,42267
BRDA:291,39,1,37526
BRDA:300,40,0,194273
BRDA:300,40,1,42924
BRDA:300,40,2,11073
BRDA:300,40,3,1458
BRDA:300,40,4,4734
BRDA:302,41,0,194273
BRDA:302,41,1,0
BRDA:303,42,0,194273
BRDA:303,42,1,0
BRDA:304,43,0,93540
BRDA:304,43,1,100733
BRDA:304,44,0,100649
BRDA:304,44,1,84
BRDA:307,45,0,42924
BRDA:307,45,1,0
BRDA:308,46,0,42924
BRDA:308,46,1,0
BRDA:309,47,0,25436
BRDA:309,47,1,17488
BRDA:309,48,0,17467
BRDA:309,48,1,21
BRDA:312,49,0,11073
BRDA:312,49,1,0
BRDA:312,50,0,11073
BRDA:312,50,1,0
BRDA:314,51,0,1458
BRDA:314,51,1,0
BRDA:314,52,0,1458
BRDA:314,52,1,0
BRDA:344,53,0,1
BRDA:344,53,1,7
BRDA:349,54,0,5
BRDA:349,54,1,2
BRDA:349,55,0,2
BRDA:349,55,1,2
BRDA:349,55,2,1
BRDA:350,56,0,7
BRDA:350,56,1,3
BRDA:350,56,2,2
BRDA:350,56,3,1
BRDA:352,57,0,7
BRDA:352,57,1,2
BRDA:355,58,0,5
BRDA:355,58,1,2
BRDA:356,59,0,4
BRDA:356,59,1,1
BRDA:364,60,0,1
BRDA:364,60,1,1
BRDA:379,61,0,5
BRDA:379,61,1,2
BRDA:391,62,0,1
BRDA:391,62,1,4
BRDA:396,63,0,4
BRDA:396,63,1,1
BRDA:396,63,2,1
BRDA:397,64,0,4
BRDA:397,64,1,1
BRDA:397,64,2,1
BRDA:402,65,0,1
BRDA:402,65,1,3
BRDA:405,66,0,1
BRDA:405,66,1,2
BRDA:438,67,0,1
BRDA:438,67,1,8
BRDA:442,68,0,8
BRDA:442,68,1,5
BRDA:442,68,2,2
BRDA:442,68,3,4
BRDA:443,69,0,8
BRDA:443,69,1,5
BRDA:443,69,2,2
BRDA:443,69,3,4
BRDA:445,70,0,4
BRDA:445,70,1,4
BRDA:447,71,0,4
BRDA:447,71,1,1
BRDA:460,72,0,1
BRDA:460,72,1,3
BRDA:463,73,0,3
BRDA:463,73,1,1
BRDA:468,74,0,650
BRDA:468,74,1,0
BRDA:487,75,0,1
BRDA:487,75,1,7
BRDA:491,76,0,7
BRDA:491,76,1,1
BRDA:491,76,2,1
BRDA:492,77,0,1
BRDA:492,77,1,6
BRDA:492,78,0,7
BRDA:492,78,1,7
BRDA:492,78,2,7
BRDA:497,79,0,1
BRDA:497,79,1,5
BRDA:540,80,0,2
BRDA:540,80,1,2
BRDA:540,81,0,4
BRDA:540,81,1,3
BRF:188
BRH:175
end_of_record
